<?xml version="1.0" encoding="UTF-8"?>
<!-- Generated by org.testng.reporters.JUnitReportReporter -->
<testsuite hostname="DESKTOP-RMG7QVD" failures="0" tests="1" name="Org.AutomationExcercise.TestCaseAutomate.WomenPagesTestCase" time="78.048" errors="0" timestamp="2025-05-27T12:39:30 IST" skipped="0">
  <testcase classname="Org.AutomationExcercise.TestCaseAutomate.WomenPagesTestCase" name="verifyTheWomenPagesTC" time="78.048"/>
</testsuite> <!-- Org.AutomationExcercise.TestCaseAutomate.WomenPagesTestCase -->
