<?xml version="1.0" encoding="UTF-8"?>
<!-- Generated by org.testng.reporters.JUnitReportReporter -->
<testsuite hostname="DESKTOP-RMG7QVD" failures="0" tests="1" name="Org.Zoho.TestCaseAutomate.LoginPagesTestCase" time="13.148" errors="0" timestamp="2025-05-08T12:33:02 IST" skipped="0">
  <testcase classname="Org.Zoho.TestCaseAutomate.LoginPagesTestCase" name="main" time="13.148"/>
</testsuite> <!-- Org.Zoho.TestCaseAutomate.LoginPagesTestCase -->
