<?xml version="1.0" encoding="UTF-8"?>
<!-- Generated by org.testng.reporters.JUnitReportReporter -->
<testsuite hostname="DESKTOP-RMG7QVD" failures="0" tests="1" name="Org.AutomationExcercise.TestCaseAutomate.HomePagesTestCase" time="31.446" errors="0" timestamp="2025-05-12T19:06:12 IST" skipped="0">
  <testcase classname="Org.AutomationExcercise.TestCaseAutomate.HomePagesTestCase" name="Home" time="31.446"/>
</testsuite> <!-- Org.AutomationExcercise.TestCaseAutomate.HomePagesTestCase -->
